[debug] [2020-05-03T14:05:07.893Z] ----------------------------------------------------------------------
[debug] [2020-05-03T14:05:07.896Z] Command:       /usr/local/Cellar/node/13.13.0_1/bin/node /usr/local/bin/firebase deploy --only functions
[debug] [2020-05-03T14:05:07.897Z] CLI Version:   8.2.0
[debug] [2020-05-03T14:05:07.897Z] Platform:      darwin
[debug] [2020-05-03T14:05:07.897Z] Node Version:  v13.13.0
[debug] [2020-05-03T14:05:07.899Z] Time:          Sun May 03 2020 16:05:07 GMT+0200 (czas środkowoeuropejski letni)
[debug] [2020-05-03T14:05:07.899Z] ----------------------------------------------------------------------
[debug] [2020-05-03T14:05:07.899Z] 
[debug] [2020-05-03T14:05:07.919Z] > command requires scopes: ["email","openid","https://www.googleapis.com/auth/cloudplatformprojects.readonly","https://www.googleapis.com/auth/firebase","https://www.googleapis.com/auth/cloud-platform"]
[debug] [2020-05-03T14:05:07.920Z] > authorizing via signed-in user
[debug] [2020-05-03T14:05:07.920Z] [iam] checking project siluets-397c1 for permissions ["cloudfunctions.functions.create","cloudfunctions.functions.delete","cloudfunctions.functions.get","cloudfunctions.functions.list","cloudfunctions.functions.update","cloudfunctions.operations.get","firebase.projects.get"]
[debug] [2020-05-03T14:05:07.924Z] >>> HTTP REQUEST POST https://cloudresourcemanager.googleapis.com/v1/projects/siluets-397c1:testIamPermissions  
 {"permissions":["cloudfunctions.functions.create","cloudfunctions.functions.delete","cloudfunctions.functions.get","cloudfunctions.functions.list","cloudfunctions.functions.update","cloudfunctions.operations.get","firebase.projects.get"]}
[debug] [2020-05-03T14:05:09.022Z] <<< HTTP RESPONSE 200 {"content-type":"application/json; charset=UTF-8","vary":"X-Origin, Referer, Origin,Accept-Encoding","date":"Sun, 03 May 2020 14:05:08 GMT","server":"ESF","cache-control":"private","x-xss-protection":"0","x-frame-options":"SAMEORIGIN","x-content-type-options":"nosniff","server-timing":"gfet4t7; dur=769","alt-svc":"h3-Q050=\":443\"; ma=2592000,h3-Q049=\":443\"; ma=2592000,h3-Q048=\":443\"; ma=2592000,h3-Q046=\":443\"; ma=2592000,h3-Q043=\":443\"; ma=2592000,quic=\":443\"; ma=2592000; v=\"46,43\"","accept-ranges":"none","transfer-encoding":"chunked"}
[debug] [2020-05-03T14:05:09.025Z] >>> HTTP REQUEST POST https://iam.googleapis.com/v1/projects/siluets-397c1/serviceAccounts/siluets-397c1@appspot.gserviceaccount.com:testIamPermissions  
 {"permissions":["iam.serviceAccounts.actAs"]}
[debug] [2020-05-03T14:05:10.224Z] <<< HTTP RESPONSE 200 {"content-type":"application/json; charset=UTF-8","vary":"X-Origin, Referer, Origin,Accept-Encoding","date":"Sun, 03 May 2020 14:05:10 GMT","server":"ESF","cache-control":"private","x-xss-protection":"0","x-frame-options":"SAMEORIGIN","x-content-type-options":"nosniff","alt-svc":"h3-Q050=\":443\"; ma=2592000,h3-Q049=\":443\"; ma=2592000,h3-Q048=\":443\"; ma=2592000,h3-Q046=\":443\"; ma=2592000,h3-Q043=\":443\"; ma=2592000,quic=\":443\"; ma=2592000; v=\"46,43\"","accept-ranges":"none","transfer-encoding":"chunked"}
[info] 
[info] === Deploying to 'siluets-397c1'...
[info] 
[info] i  deploying functions
[debug] [2020-05-03T14:05:13.175Z] > [functions] package.json contents: {
  "name": "functions",
  "description": "Cloud Functions for Firebase",
  "scripts": {
    "serve": "firebase emulators:start --only functions",
    "shell": "firebase functions:shell",
    "start": "npm run shell",
    "deploy": "firebase deploy --only functions",
    "logs": "firebase functions:log"
  },
  "engines": {
    "node": "8"
  },
  "dependencies": {
    "firebase-admin": "^8.10.0",
    "firebase-functions": "^3.6.1"
  },
  "devDependencies": {
    "firebase-functions-test": "^0.2.0"
  },
  "private": true
}
[info] i  functions: ensuring required API cloudfunctions.googleapis.com is enabled...
[debug] [2020-05-03T14:05:14.208Z] [functions] runtime dependency check dates: warning: 2020-05-12T00:00:00.000Z error: 2020-06-05T00:00:00.000Z
[debug] [2020-05-03T14:05:14.209Z] >>> HTTP REQUEST GET https://serviceusage.googleapis.com/v1/projects/siluets-397c1/services/cloudfunctions.googleapis.com  
 
[debug] [2020-05-03T14:05:14.209Z] >>> HTTP REQUEST GET https://serviceusage.googleapis.com/v1/projects/siluets-397c1/services/runtimeconfig.googleapis.com  
 
[debug] [2020-05-03T14:05:15.380Z] <<< HTTP RESPONSE 200 {"content-type":"application/json; charset=UTF-8","vary":"X-Origin, Referer, Origin,Accept-Encoding","date":"Sun, 03 May 2020 14:05:15 GMT","server":"ESF","cache-control":"private","x-xss-protection":"0","x-frame-options":"SAMEORIGIN","x-content-type-options":"nosniff","alt-svc":"h3-Q050=\":443\"; ma=2592000,h3-Q049=\":443\"; ma=2592000,h3-Q048=\":443\"; ma=2592000,h3-Q046=\":443\"; ma=2592000,h3-Q043=\":443\"; ma=2592000,quic=\":443\"; ma=2592000; v=\"46,43\"","accept-ranges":"none","transfer-encoding":"chunked"}
[debug] [2020-05-03T14:05:15.495Z] <<< HTTP RESPONSE 200 {"content-type":"application/json; charset=UTF-8","vary":"X-Origin, Referer, Origin,Accept-Encoding","date":"Sun, 03 May 2020 14:05:15 GMT","server":"ESF","cache-control":"private","x-xss-protection":"0","x-frame-options":"SAMEORIGIN","x-content-type-options":"nosniff","alt-svc":"h3-Q050=\":443\"; ma=2592000,h3-Q049=\":443\"; ma=2592000,h3-Q048=\":443\"; ma=2592000,h3-Q046=\":443\"; ma=2592000,h3-Q043=\":443\"; ma=2592000,quic=\":443\"; ma=2592000; v=\"46,43\"","accept-ranges":"none","transfer-encoding":"chunked"}
[info] ✔  functions: required API cloudfunctions.googleapis.com is enabled
[debug] [2020-05-03T14:05:15.497Z] >>> HTTP REQUEST GET https://firebase.googleapis.com/v1beta1/projects/siluets-397c1/adminSdkConfig  
 
[debug] [2020-05-03T14:05:15.931Z] <<< HTTP RESPONSE 200 {"content-type":"application/json; charset=UTF-8","vary":"X-Origin, Referer, Origin,Accept-Encoding","date":"Sun, 03 May 2020 14:05:15 GMT","server":"ESF","cache-control":"private","x-xss-protection":"0","x-frame-options":"SAMEORIGIN","x-content-type-options":"nosniff","alt-svc":"h3-Q050=\":443\"; ma=2592000,h3-Q049=\":443\"; ma=2592000,h3-Q048=\":443\"; ma=2592000,h3-Q046=\":443\"; ma=2592000,h3-Q043=\":443\"; ma=2592000,quic=\":443\"; ma=2592000; v=\"46,43\"","accept-ranges":"none","transfer-encoding":"chunked"}
[info] i  functions: preparing functions directory for uploading...
[debug] [2020-05-03T14:05:15.933Z] >>> HTTP REQUEST GET https://runtimeconfig.googleapis.com/v1beta1/projects/siluets-397c1/configs  
 
[debug] [2020-05-03T14:05:16.477Z] <<< HTTP RESPONSE 200 {"content-type":"application/json; charset=UTF-8","vary":"X-Origin, Referer, Origin,Accept-Encoding","date":"Sun, 03 May 2020 14:05:16 GMT","server":"ESF","cache-control":"private","x-xss-protection":"0","x-frame-options":"SAMEORIGIN","x-content-type-options":"nosniff","alt-svc":"h3-Q050=\":443\"; ma=2592000,h3-Q049=\":443\"; ma=2592000,h3-Q048=\":443\"; ma=2592000,h3-Q046=\":443\"; ma=2592000,h3-Q043=\":443\"; ma=2592000,quic=\":443\"; ma=2592000; v=\"46,43\"","accept-ranges":"none","transfer-encoding":"chunked"}
[info] i  functions: packaged functions (27.54 KB) for uploading
[debug] [2020-05-03T14:05:16.716Z] >>> HTTP REQUEST GET https://cloudfunctions.googleapis.com/v1/projects/siluets-397c1/locations/-/functions  
 
[debug] [2020-05-03T14:05:17.346Z] <<< HTTP RESPONSE 200 {"content-type":"application/json; charset=UTF-8","vary":"X-Origin, Referer, Origin,Accept-Encoding","date":"Sun, 03 May 2020 14:05:17 GMT","server":"ESF","cache-control":"private","x-xss-protection":"0","x-frame-options":"SAMEORIGIN","x-content-type-options":"nosniff","alt-svc":"h3-Q050=\":443\"; ma=2592000,h3-Q049=\":443\"; ma=2592000,h3-Q048=\":443\"; ma=2592000,h3-Q046=\":443\"; ma=2592000,h3-Q043=\":443\"; ma=2592000,quic=\":443\"; ma=2592000; v=\"46,43\"","accept-ranges":"none","transfer-encoding":"chunked"}
[debug] [2020-05-03T14:05:17.351Z] >>> HTTP REQUEST POST https://cloudfunctions.googleapis.com/v1/projects/siluets-397c1/locations/us-central1/functions:generateUploadUrl  
 
[debug] [2020-05-03T14:05:18.224Z] <<< HTTP RESPONSE 200 {"content-type":"application/json; charset=UTF-8","vary":"X-Origin, Referer, Origin,Accept-Encoding","date":"Sun, 03 May 2020 14:05:18 GMT","server":"ESF","cache-control":"private","x-xss-protection":"0","x-frame-options":"SAMEORIGIN","x-content-type-options":"nosniff","alt-svc":"h3-Q050=\":443\"; ma=2592000,h3-Q049=\":443\"; ma=2592000,h3-Q048=\":443\"; ma=2592000,h3-Q046=\":443\"; ma=2592000,h3-Q043=\":443\"; ma=2592000,quic=\":443\"; ma=2592000; v=\"46,43\"","accept-ranges":"none","transfer-encoding":"chunked"}
[debug] [2020-05-03T14:05:18.226Z] >>> HTTP REQUEST PUT https://storage.googleapis.com/gcf-upload-us-central1-f47b5ffc-39b9-4d89-8dfa-222b8bca4eca/86b89f53-7c06-44de-835c-7c0cfb75a033.zip?GoogleAccessId=service-462230763655@gcf-admin-robot.iam.gserviceaccount.com&Expires=1588516518&Signature=S9TmRvreuRZWGV%2FCu9y%2Fq4SI9Yws8uIwqQGRpNfFd0G9buXL2ASeEokI9BSug1uNONGRzgrjhBUVPSCY8834UOYFFgwm7hYjTfnJC%2FOFw3F5O%2FSormyxVCwFUhRKAVJRn8h%2BWCToqaYEaQpCFIyXzTz7H36FbkTEtHy6zBbR4zJSbuweOEbFY2TZ4R1Cwf6TTti77nsj3mVwnJUPr6h5XUmKExi4kvEG6jogjzyt4XaCBdbZTll1sfUZM0XmnTQeKecxnQOh%2Bn3t2BaFda62cJihdQfGzAOmLwuvtnRmi1rcnzsermty72%2FT3lYONeAiMXm83l5CdBLx97%2Bfu6KZyw%3D%3D  
 <request body omitted>
[debug] [2020-05-03T14:05:18.927Z] <<< HTTP RESPONSE 200 {"x-guploader-uploadid":"AAANsUmin6zT0jfuA6OYvRZA_5bjLbOf75yNiLpbKFRnFsp_XOkfOrbg9tWO-UNIZJzQfQa730wEmMFjWkeHoaCoUA","etag":"\"1a0319281f206054a2c5c30724b6ed83\"","x-goog-generation":"1588514718810810","x-goog-metageneration":"1","x-goog-hash":"crc32c=gvu96Q==, md5=GgMZKB8gYFSixcMHJLbtgw==","x-goog-stored-content-length":"28201","x-goog-stored-content-encoding":"identity","vary":"Origin","content-length":"0","date":"Sun, 03 May 2020 14:05:18 GMT","server":"UploadServer","content-type":"text/html; charset=UTF-8","alt-svc":"h3-Q050=\":443\"; ma=2592000,h3-Q049=\":443\"; ma=2592000,h3-Q048=\":443\"; ma=2592000,h3-Q046=\":443\"; ma=2592000,h3-Q043=\":443\"; ma=2592000,quic=\":443\"; ma=2592000; v=\"46,43\""}
[info] ✔  functions: functions folder uploaded successfully
[info] i  functions: updating Node.js 8 function calculateButterflyWeights(us-central1)...
[debug] [2020-05-03T14:05:18.932Z] Trigger is:  {"eventTrigger":{"resource":"projects/siluets-397c1/databases/(default)/documents/trainings/{id}","eventType":"providers/cloud.firestore/eventTypes/document.write","service":"firestore.googleapis.com"}}
[info] i  functions: updating Node.js 8 function measurement(us-central1)...
[debug] [2020-05-03T14:05:18.934Z] Trigger is:  {"eventTrigger":{"resource":"projects/siluets-397c1/databases/(default)/documents/measurements/{id}","eventType":"providers/cloud.firestore/eventTypes/document.write","service":"firestore.googleapis.com"}}
[debug] [2020-05-03T14:05:18.935Z] >>> HTTP REQUEST GET https://serviceusage.googleapis.com/v1/projects/siluets-397c1/services/cloudscheduler.googleapis.com  
 
[debug] [2020-05-03T14:05:20.064Z] <<< HTTP RESPONSE 200 {"content-type":"application/json; charset=UTF-8","vary":"X-Origin, Referer, Origin,Accept-Encoding","date":"Sun, 03 May 2020 14:05:19 GMT","server":"ESF","cache-control":"private","x-xss-protection":"0","x-frame-options":"SAMEORIGIN","x-content-type-options":"nosniff","alt-svc":"h3-Q050=\":443\"; ma=2592000,h3-Q049=\":443\"; ma=2592000,h3-Q048=\":443\"; ma=2592000,h3-Q046=\":443\"; ma=2592000,h3-Q043=\":443\"; ma=2592000,quic=\":443\"; ma=2592000; v=\"46,43\"","accept-ranges":"none","transfer-encoding":"chunked"}
[debug] [2020-05-03T14:05:20.067Z] >>> HTTP REQUEST PATCH https://cloudfunctions.googleapis.com/v1/projects/siluets-397c1/locations/us-central1/functions/calculateButterflyWeights {"updateMask":"sourceUploadUrl,name,labels,runtime,eventTrigger.resource,eventTrigger.eventType,eventTrigger.service"} 
 {"sourceUploadUrl":"https://storage.googleapis.com/gcf-upload-us-central1-f47b5ffc-39b9-4d89-8dfa-222b8bca4eca/86b89f53-7c06-44de-835c-7c0cfb75a033.zip?GoogleAccessId=service-462230763655@gcf-admin-robot.iam.gserviceaccount.com&Expires=1588516518&Signature=S9TmRvreuRZWGV%2FCu9y%2Fq4SI9Yws8uIwqQGRpNfFd0G9buXL2ASeEokI9BSug1uNONGRzgrjhBUVPSCY8834UOYFFgwm7hYjTfnJC%2FOFw3F5O%2FSormyxVCwFUhRKAVJRn8h%2BWCToqaYEaQpCFIyXzTz7H36FbkTEtHy6zBbR4zJSbuweOEbFY2TZ4R1Cwf6TTti77nsj3mVwnJUPr6h5XUmKExi4kvEG6jogjzyt4XaCBdbZTll1sfUZM0XmnTQeKecxnQOh%2Bn3t2BaFda62cJihdQfGzAOmLwuvtnRmi1rcnzsermty72%2FT3lYONeAiMXm83l5CdBLx97%2Bfu6KZyw%3D%3D","name":"projects/siluets-397c1/locations/us-central1/functions/calculateButterflyWeights","labels":{"deployment-tool":"cli-firebase"},"eventTrigger":{"resource":"projects/siluets-397c1/databases/(default)/documents/trainings/{id}","eventType":"providers/cloud.firestore/eventTypes/document.write","service":"firestore.googleapis.com"},"runtime":"nodejs8"}
[debug] [2020-05-03T14:05:20.071Z] >>> HTTP REQUEST PATCH https://cloudfunctions.googleapis.com/v1/projects/siluets-397c1/locations/us-central1/functions/measurement {"updateMask":"sourceUploadUrl,name,labels,runtime,eventTrigger.resource,eventTrigger.eventType,eventTrigger.service"} 
 {"sourceUploadUrl":"https://storage.googleapis.com/gcf-upload-us-central1-f47b5ffc-39b9-4d89-8dfa-222b8bca4eca/86b89f53-7c06-44de-835c-7c0cfb75a033.zip?GoogleAccessId=service-462230763655@gcf-admin-robot.iam.gserviceaccount.com&Expires=1588516518&Signature=S9TmRvreuRZWGV%2FCu9y%2Fq4SI9Yws8uIwqQGRpNfFd0G9buXL2ASeEokI9BSug1uNONGRzgrjhBUVPSCY8834UOYFFgwm7hYjTfnJC%2FOFw3F5O%2FSormyxVCwFUhRKAVJRn8h%2BWCToqaYEaQpCFIyXzTz7H36FbkTEtHy6zBbR4zJSbuweOEbFY2TZ4R1Cwf6TTti77nsj3mVwnJUPr6h5XUmKExi4kvEG6jogjzyt4XaCBdbZTll1sfUZM0XmnTQeKecxnQOh%2Bn3t2BaFda62cJihdQfGzAOmLwuvtnRmi1rcnzsermty72%2FT3lYONeAiMXm83l5CdBLx97%2Bfu6KZyw%3D%3D","name":"projects/siluets-397c1/locations/us-central1/functions/measurement","labels":{"deployment-tool":"cli-firebase"},"eventTrigger":{"resource":"projects/siluets-397c1/databases/(default)/documents/measurements/{id}","eventType":"providers/cloud.firestore/eventTypes/document.write","service":"firestore.googleapis.com"},"runtime":"nodejs8"}
[debug] [2020-05-03T14:05:20.676Z] <<< HTTP RESPONSE 200 {"content-type":"application/json; charset=UTF-8","vary":"X-Origin, Referer, Origin,Accept-Encoding","date":"Sun, 03 May 2020 14:05:20 GMT","server":"ESF","cache-control":"private","x-xss-protection":"0","x-frame-options":"SAMEORIGIN","x-content-type-options":"nosniff","alt-svc":"h3-Q050=\":443\"; ma=2592000,h3-Q049=\":443\"; ma=2592000,h3-Q048=\":443\"; ma=2592000,h3-Q046=\":443\"; ma=2592000,h3-Q043=\":443\"; ma=2592000,quic=\":443\"; ma=2592000; v=\"46,43\"","accept-ranges":"none","transfer-encoding":"chunked"}
[debug] [2020-05-03T14:05:20.679Z] <<< HTTP RESPONSE 200 {"content-type":"application/json; charset=UTF-8","vary":"X-Origin, Referer, Origin,Accept-Encoding","date":"Sun, 03 May 2020 14:05:20 GMT","server":"ESF","cache-control":"private","x-xss-protection":"0","x-frame-options":"SAMEORIGIN","x-content-type-options":"nosniff","alt-svc":"h3-Q050=\":443\"; ma=2592000,h3-Q049=\":443\"; ma=2592000,h3-Q048=\":443\"; ma=2592000,h3-Q046=\":443\"; ma=2592000,h3-Q043=\":443\"; ma=2592000,quic=\":443\"; ma=2592000; v=\"46,43\"","accept-ranges":"none","transfer-encoding":"chunked"}
[debug] [2020-05-03T14:05:20.682Z] >>> HTTP REQUEST GET https://cloudfunctions.googleapis.com/v1/operations/c2lsdWV0cy0zOTdjMS91cy1jZW50cmFsMS9jYWxjdWxhdGVCdXR0ZXJmbHlXZWlnaHRzL2ZaR2ZJbEl5d1BZ  
 
[debug] [2020-05-03T14:05:20.682Z] >>> HTTP REQUEST GET https://cloudfunctions.googleapis.com/v1/operations/c2lsdWV0cy0zOTdjMS91cy1jZW50cmFsMS9tZWFzdXJlbWVudC9jQUNPdjUtOHRSdw  
 
[debug] [2020-05-03T14:05:21.188Z] <<< HTTP RESPONSE 200 {"content-type":"application/json; charset=UTF-8","vary":"X-Origin, Referer, Origin,Accept-Encoding","date":"Sun, 03 May 2020 14:05:21 GMT","server":"ESF","cache-control":"private","x-xss-protection":"0","x-frame-options":"SAMEORIGIN","x-content-type-options":"nosniff","alt-svc":"h3-Q050=\":443\"; ma=2592000,h3-Q049=\":443\"; ma=2592000,h3-Q048=\":443\"; ma=2592000,h3-Q046=\":443\"; ma=2592000,h3-Q043=\":443\"; ma=2592000,quic=\":443\"; ma=2592000; v=\"46,43\"","accept-ranges":"none","transfer-encoding":"chunked"}
[debug] [2020-05-03T14:05:21.191Z] <<< HTTP RESPONSE 200 {"content-type":"application/json; charset=UTF-8","vary":"X-Origin, Referer, Origin,Accept-Encoding","date":"Sun, 03 May 2020 14:05:21 GMT","server":"ESF","cache-control":"private","x-xss-protection":"0","x-frame-options":"SAMEORIGIN","x-content-type-options":"nosniff","alt-svc":"h3-Q050=\":443\"; ma=2592000,h3-Q049=\":443\"; ma=2592000,h3-Q048=\":443\"; ma=2592000,h3-Q046=\":443\"; ma=2592000,h3-Q043=\":443\"; ma=2592000,quic=\":443\"; ma=2592000; v=\"46,43\"","accept-ranges":"none","transfer-encoding":"chunked"}
[debug] [2020-05-03T14:05:23.193Z] >>> HTTP REQUEST GET https://cloudfunctions.googleapis.com/v1/operations/c2lsdWV0cy0zOTdjMS91cy1jZW50cmFsMS9tZWFzdXJlbWVudC9jQUNPdjUtOHRSdw  
 
[debug] [2020-05-03T14:05:23.193Z] >>> HTTP REQUEST GET https://cloudfunctions.googleapis.com/v1/operations/c2lsdWV0cy0zOTdjMS91cy1jZW50cmFsMS9jYWxjdWxhdGVCdXR0ZXJmbHlXZWlnaHRzL2ZaR2ZJbEl5d1BZ  
 
[debug] [2020-05-03T14:05:23.589Z] <<< HTTP RESPONSE 200 {"content-type":"application/json; charset=UTF-8","vary":"X-Origin, Referer, Origin,Accept-Encoding","date":"Sun, 03 May 2020 14:05:23 GMT","server":"ESF","cache-control":"private","x-xss-protection":"0","x-frame-options":"SAMEORIGIN","x-content-type-options":"nosniff","alt-svc":"h3-Q050=\":443\"; ma=2592000,h3-Q049=\":443\"; ma=2592000,h3-Q048=\":443\"; ma=2592000,h3-Q046=\":443\"; ma=2592000,h3-Q043=\":443\"; ma=2592000,quic=\":443\"; ma=2592000; v=\"46,43\"","accept-ranges":"none","transfer-encoding":"chunked"}
[debug] [2020-05-03T14:05:23.592Z] <<< HTTP RESPONSE 200 {"content-type":"application/json; charset=UTF-8","vary":"X-Origin, Referer, Origin,Accept-Encoding","date":"Sun, 03 May 2020 14:05:23 GMT","server":"ESF","cache-control":"private","x-xss-protection":"0","x-frame-options":"SAMEORIGIN","x-content-type-options":"nosniff","alt-svc":"h3-Q050=\":443\"; ma=2592000,h3-Q049=\":443\"; ma=2592000,h3-Q048=\":443\"; ma=2592000,h3-Q046=\":443\"; ma=2592000,h3-Q043=\":443\"; ma=2592000,quic=\":443\"; ma=2592000; v=\"46,43\"","accept-ranges":"none","transfer-encoding":"chunked"}
[debug] [2020-05-03T14:05:25.594Z] >>> HTTP REQUEST GET https://cloudfunctions.googleapis.com/v1/operations/c2lsdWV0cy0zOTdjMS91cy1jZW50cmFsMS9tZWFzdXJlbWVudC9jQUNPdjUtOHRSdw  
 
[debug] [2020-05-03T14:05:25.598Z] >>> HTTP REQUEST GET https://cloudfunctions.googleapis.com/v1/operations/c2lsdWV0cy0zOTdjMS91cy1jZW50cmFsMS9jYWxjdWxhdGVCdXR0ZXJmbHlXZWlnaHRzL2ZaR2ZJbEl5d1BZ  
 
[debug] [2020-05-03T14:05:26.000Z] <<< HTTP RESPONSE 200 {"content-type":"application/json; charset=UTF-8","vary":"X-Origin, Referer, Origin,Accept-Encoding","date":"Sun, 03 May 2020 14:05:25 GMT","server":"ESF","cache-control":"private","x-xss-protection":"0","x-frame-options":"SAMEORIGIN","x-content-type-options":"nosniff","alt-svc":"h3-Q050=\":443\"; ma=2592000,h3-Q049=\":443\"; ma=2592000,h3-Q048=\":443\"; ma=2592000,h3-Q046=\":443\"; ma=2592000,h3-Q043=\":443\"; ma=2592000,quic=\":443\"; ma=2592000; v=\"46,43\"","accept-ranges":"none","transfer-encoding":"chunked"}
[debug] [2020-05-03T14:05:26.061Z] <<< HTTP RESPONSE 200 {"content-type":"application/json; charset=UTF-8","vary":"X-Origin, Referer, Origin,Accept-Encoding","date":"Sun, 03 May 2020 14:05:26 GMT","server":"ESF","cache-control":"private","x-xss-protection":"0","x-frame-options":"SAMEORIGIN","x-content-type-options":"nosniff","alt-svc":"h3-Q050=\":443\"; ma=2592000,h3-Q049=\":443\"; ma=2592000,h3-Q048=\":443\"; ma=2592000,h3-Q046=\":443\"; ma=2592000,h3-Q043=\":443\"; ma=2592000,quic=\":443\"; ma=2592000; v=\"46,43\"","accept-ranges":"none","transfer-encoding":"chunked"}
[debug] [2020-05-03T14:05:28.002Z] >>> HTTP REQUEST GET https://cloudfunctions.googleapis.com/v1/operations/c2lsdWV0cy0zOTdjMS91cy1jZW50cmFsMS9jYWxjdWxhdGVCdXR0ZXJmbHlXZWlnaHRzL2ZaR2ZJbEl5d1BZ  
 
[debug] [2020-05-03T14:05:28.065Z] >>> HTTP REQUEST GET https://cloudfunctions.googleapis.com/v1/operations/c2lsdWV0cy0zOTdjMS91cy1jZW50cmFsMS9tZWFzdXJlbWVudC9jQUNPdjUtOHRSdw  
 
[debug] [2020-05-03T14:05:28.452Z] <<< HTTP RESPONSE 200 {"content-type":"application/json; charset=UTF-8","vary":"X-Origin, Referer, Origin,Accept-Encoding","date":"Sun, 03 May 2020 14:05:28 GMT","server":"ESF","cache-control":"private","x-xss-protection":"0","x-frame-options":"SAMEORIGIN","x-content-type-options":"nosniff","alt-svc":"h3-Q050=\":443\"; ma=2592000,h3-Q049=\":443\"; ma=2592000,h3-Q048=\":443\"; ma=2592000,h3-Q046=\":443\"; ma=2592000,h3-Q043=\":443\"; ma=2592000,quic=\":443\"; ma=2592000; v=\"46,43\"","accept-ranges":"none","transfer-encoding":"chunked"}
[debug] [2020-05-03T14:05:28.510Z] <<< HTTP RESPONSE 200 {"content-type":"application/json; charset=UTF-8","vary":"X-Origin, Referer, Origin,Accept-Encoding","date":"Sun, 03 May 2020 14:05:28 GMT","server":"ESF","cache-control":"private","x-xss-protection":"0","x-frame-options":"SAMEORIGIN","x-content-type-options":"nosniff","alt-svc":"h3-Q050=\":443\"; ma=2592000,h3-Q049=\":443\"; ma=2592000,h3-Q048=\":443\"; ma=2592000,h3-Q046=\":443\"; ma=2592000,h3-Q043=\":443\"; ma=2592000,quic=\":443\"; ma=2592000; v=\"46,43\"","accept-ranges":"none","transfer-encoding":"chunked"}
[debug] [2020-05-03T14:05:30.454Z] >>> HTTP REQUEST GET https://cloudfunctions.googleapis.com/v1/operations/c2lsdWV0cy0zOTdjMS91cy1jZW50cmFsMS9jYWxjdWxhdGVCdXR0ZXJmbHlXZWlnaHRzL2ZaR2ZJbEl5d1BZ  
 
[debug] [2020-05-03T14:05:30.516Z] >>> HTTP REQUEST GET https://cloudfunctions.googleapis.com/v1/operations/c2lsdWV0cy0zOTdjMS91cy1jZW50cmFsMS9tZWFzdXJlbWVudC9jQUNPdjUtOHRSdw  
 
[debug] [2020-05-03T14:05:30.847Z] <<< HTTP RESPONSE 200 {"content-type":"application/json; charset=UTF-8","vary":"X-Origin, Referer, Origin,Accept-Encoding","date":"Sun, 03 May 2020 14:05:30 GMT","server":"ESF","cache-control":"private","x-xss-protection":"0","x-frame-options":"SAMEORIGIN","x-content-type-options":"nosniff","alt-svc":"h3-Q050=\":443\"; ma=2592000,h3-Q049=\":443\"; ma=2592000,h3-Q048=\":443\"; ma=2592000,h3-Q046=\":443\"; ma=2592000,h3-Q043=\":443\"; ma=2592000,quic=\":443\"; ma=2592000; v=\"46,43\"","accept-ranges":"none","transfer-encoding":"chunked"}
[debug] [2020-05-03T14:05:30.979Z] <<< HTTP RESPONSE 200 {"content-type":"application/json; charset=UTF-8","vary":"X-Origin, Referer, Origin,Accept-Encoding","date":"Sun, 03 May 2020 14:05:30 GMT","server":"ESF","cache-control":"private","x-xss-protection":"0","x-frame-options":"SAMEORIGIN","x-content-type-options":"nosniff","alt-svc":"h3-Q050=\":443\"; ma=2592000,h3-Q049=\":443\"; ma=2592000,h3-Q048=\":443\"; ma=2592000,h3-Q046=\":443\"; ma=2592000,h3-Q043=\":443\"; ma=2592000,quic=\":443\"; ma=2592000; v=\"46,43\"","accept-ranges":"none","transfer-encoding":"chunked"}
[debug] [2020-05-03T14:05:32.851Z] >>> HTTP REQUEST GET https://cloudfunctions.googleapis.com/v1/operations/c2lsdWV0cy0zOTdjMS91cy1jZW50cmFsMS9jYWxjdWxhdGVCdXR0ZXJmbHlXZWlnaHRzL2ZaR2ZJbEl5d1BZ  
 
[debug] [2020-05-03T14:05:32.980Z] >>> HTTP REQUEST GET https://cloudfunctions.googleapis.com/v1/operations/c2lsdWV0cy0zOTdjMS91cy1jZW50cmFsMS9tZWFzdXJlbWVudC9jQUNPdjUtOHRSdw  
 
[debug] [2020-05-03T14:05:33.250Z] <<< HTTP RESPONSE 200 {"content-type":"application/json; charset=UTF-8","vary":"X-Origin, Referer, Origin,Accept-Encoding","date":"Sun, 03 May 2020 14:05:33 GMT","server":"ESF","cache-control":"private","x-xss-protection":"0","x-frame-options":"SAMEORIGIN","x-content-type-options":"nosniff","alt-svc":"h3-Q050=\":443\"; ma=2592000,h3-Q049=\":443\"; ma=2592000,h3-Q048=\":443\"; ma=2592000,h3-Q046=\":443\"; ma=2592000,h3-Q043=\":443\"; ma=2592000,quic=\":443\"; ma=2592000; v=\"46,43\"","accept-ranges":"none","transfer-encoding":"chunked"}
[debug] [2020-05-03T14:05:33.400Z] <<< HTTP RESPONSE 200 {"content-type":"application/json; charset=UTF-8","vary":"X-Origin, Referer, Origin,Accept-Encoding","date":"Sun, 03 May 2020 14:05:33 GMT","server":"ESF","cache-control":"private","x-xss-protection":"0","x-frame-options":"SAMEORIGIN","x-content-type-options":"nosniff","alt-svc":"h3-Q050=\":443\"; ma=2592000,h3-Q049=\":443\"; ma=2592000,h3-Q048=\":443\"; ma=2592000,h3-Q046=\":443\"; ma=2592000,h3-Q043=\":443\"; ma=2592000,quic=\":443\"; ma=2592000; v=\"46,43\"","accept-ranges":"none","transfer-encoding":"chunked"}
[debug] [2020-05-03T14:05:35.256Z] >>> HTTP REQUEST GET https://cloudfunctions.googleapis.com/v1/operations/c2lsdWV0cy0zOTdjMS91cy1jZW50cmFsMS9jYWxjdWxhdGVCdXR0ZXJmbHlXZWlnaHRzL2ZaR2ZJbEl5d1BZ  
 
[debug] [2020-05-03T14:05:35.408Z] >>> HTTP REQUEST GET https://cloudfunctions.googleapis.com/v1/operations/c2lsdWV0cy0zOTdjMS91cy1jZW50cmFsMS9tZWFzdXJlbWVudC9jQUNPdjUtOHRSdw  
 
[debug] [2020-05-03T14:05:35.778Z] <<< HTTP RESPONSE 200 {"content-type":"application/json; charset=UTF-8","vary":"X-Origin, Referer, Origin,Accept-Encoding","date":"Sun, 03 May 2020 14:05:35 GMT","server":"ESF","cache-control":"private","x-xss-protection":"0","x-frame-options":"SAMEORIGIN","x-content-type-options":"nosniff","alt-svc":"h3-Q050=\":443\"; ma=2592000,h3-Q049=\":443\"; ma=2592000,h3-Q048=\":443\"; ma=2592000,h3-Q046=\":443\"; ma=2592000,h3-Q043=\":443\"; ma=2592000,quic=\":443\"; ma=2592000; v=\"46,43\"","accept-ranges":"none","transfer-encoding":"chunked"}
[debug] [2020-05-03T14:05:35.788Z] <<< HTTP RESPONSE 200 {"content-type":"application/json; charset=UTF-8","vary":"X-Origin, Referer, Origin,Accept-Encoding","date":"Sun, 03 May 2020 14:05:35 GMT","server":"ESF","cache-control":"private","x-xss-protection":"0","x-frame-options":"SAMEORIGIN","x-content-type-options":"nosniff","alt-svc":"h3-Q050=\":443\"; ma=2592000,h3-Q049=\":443\"; ma=2592000,h3-Q048=\":443\"; ma=2592000,h3-Q046=\":443\"; ma=2592000,h3-Q043=\":443\"; ma=2592000,quic=\":443\"; ma=2592000; v=\"46,43\"","accept-ranges":"none","transfer-encoding":"chunked"}
